<?xml version="1.0" encoding="UTF-8"?>
<!-- Generated by org.testng.reporters.JUnitReportReporter -->
<testsuite hostname="DESKTOP-3R5TTIF" failures="0" tests="2" name="testNG.zomato" time="13.116" errors="0" timestamp="2025-01-16T16:14:49 IST" skipped="0">
  <testcase classname="testNG.zomato" name="navigateToSwiggy" time="6.419"/>
  <system-out>
    <![CDATA[Navigated to zomato]]>
  </system-out>
  <testcase classname="testNG.zomato" name="navigateToSwiggy" time="6.697"/>
  <system-out>
    <![CDATA[Navigated to zomato]]>
  </system-out>
</testsuite> <!-- testNG.zomato -->
