<?xml version="1.0" encoding="UTF-8"?>
<!-- Generated by org.testng.reporters.JUnitReportReporter -->
<testsuite hostname="DESKTOP-3R5TTIF" failures="0" tests="1" name="testNG.sample" time="0.015" errors="0" timestamp="2025-01-11T16:11:22 IST" skipped="0">
  <testcase classname="testNG.sample" name="demo" time="0.015"/>
  <system-out/>
</testsuite> <!-- testNG.sample -->
