<?xml version="1.0" encoding="UTF-8"?>
<!-- Generated by org.testng.reporters.JUnitReportReporter -->
<testsuite hostname="DESKTOP-3R5TTIF" failures="0" tests="2" name="testNG.TestScript" time="0.013" errors="0" timestamp="2025-01-16T16:52:26 IST" skipped="0">
  <testcase classname="testNG.TestScript" name="demo2" time="0.002"/>
  <system-out/>
  <testcase classname="testNG.TestScript" name="demo1" time="0.011"/>
  <system-out/>
</testsuite> <!-- testNG.TestScript -->
