<?xml version="1.0" encoding="UTF-8"?>
<!-- Generated by org.testng.reporters.JUnitReportReporter -->
<testsuite hostname="DESKTOP-3R5TTIF" failures="0" tests="6" name="testNG.PriorityFlag" time="0.006" errors="0" timestamp="2025-01-11T16:11:22 IST" skipped="1">
  <testcase classname="testNG.PriorityFlag" name="cat" time="0.003"/>
  <system-out/>
  <testcase classname="testNG.PriorityFlag" name="snake" time="0.001"/>
  <system-out/>
  <testcase classname="testNG.PriorityFlag" name="dog" time="0.001"/>
  <system-out/>
  <testcase classname="testNG.PriorityFlag" name="dog" time="0.000"/>
  <system-out/>
  <testcase classname="testNG.PriorityFlag" name="dog" time="0.001"/>
  <system-out/>
  <testcase classname="testNG.PriorityFlag" name="ant">
    <skipped/>
  </testcase> <!-- ant -->
  <system-out/>
</testsuite> <!-- testNG.PriorityFlag -->
