<?xml version="1.0" encoding="UTF-8"?>
<!-- Generated by org.testng.reporters.JUnitReportReporter -->
<testsuite hostname="DESKTOP-3R5TTIF" failures="0" tests="2" name="testNG.Swiggy" time="14.913" errors="0" timestamp="2025-01-16T16:14:49 IST" skipped="0">
  <testcase classname="testNG.Swiggy" name="navigateToSwiggy" time="9.143"/>
  <system-out>
    <![CDATA[Navigated to swiggy]]>
  </system-out>
  <testcase classname="testNG.Swiggy" name="navigateToSwiggy" time="5.770"/>
  <system-out>
    <![CDATA[Navigated to swiggy]]>
  </system-out>
</testsuite> <!-- testNG.Swiggy -->
