<?xml version="1.0" encoding="UTF-8"?>
<!-- Generated by org.testng.reporters.JUnitReportReporter -->
<testsuite hostname="DESKTOP-3R5TTIF" failures="0" tests="3" name="testNG.DependsOnMethodsFlag" time="0.007" errors="0" timestamp="2025-01-11T16:11:22 IST" skipped="0">
  <testcase classname="testNG.DependsOnMethodsFlag" name="Login" time="0.002"/>
  <system-out>
    <![CDATA[Login]]>
  </system-out>
  <testcase classname="testNG.DependsOnMethodsFlag" name="Create" time="0.002"/>
  <system-out>
    <![CDATA[create]]>
  </system-out>
  <testcase classname="testNG.DependsOnMethodsFlag" name="Register" time="0.003"/>
  <system-out>
    <![CDATA[Register]]>
  </system-out>
</testsuite> <!-- testNG.DependsOnMethodsFlag -->
