<?xml version="1.0" encoding="UTF-8"?>
<!-- Generated by org.testng.reporters.JUnitReportReporter -->
<testsuite hostname="DESKTOP-3R5TTIF" failures="0" tests="2" name="testNG.DataProviders" time="0.014" errors="0" timestamp="2025-01-16T17:14:13 IST" skipped="0">
  <testcase classname="testNG.DataProviders" name="sampleTest" time="0.013"/>
  <system-out/>
  <testcase classname="testNG.DataProviders" name="sampleTest" time="0.001"/>
  <system-out/>
</testsuite> <!-- testNG.DataProviders -->
