<?xml version="1.0" encoding="UTF-8"?>
<!-- Generated by org.testng.reporters.JUnitReportReporter -->
<testsuite hostname="DESKTOP-3R5TTIF" failures="0" tests="2" name="testNG.facebook" time="8.696" errors="0" timestamp="2025-01-16T16:14:49 IST" skipped="0">
  <testcase classname="testNG.facebook" name="navigateToSwiggy" time="3.948"/>
  <system-out>
    <![CDATA[Navigated to facebook]]>
  </system-out>
  <testcase classname="testNG.facebook" name="navigateToSwiggy" time="4.748"/>
  <system-out>
    <![CDATA[Navigated to facebook]]>
  </system-out>
</testsuite> <!-- testNG.facebook -->
