<?xml version="1.0" encoding="UTF-8"?>
<!-- Generated by org.testng.reporters.JUnitReportReporter -->
<testsuite hostname="DESKTOP-3R5TTIF" failures="0" tests="1" name="assertions.UsingHardAssert" time="3.797" errors="0" timestamp="2025-02-25T09:28:15 IST" skipped="0">
  <testcase classname="assertions.UsingHardAssert" name="HardAssert" time="3.797"/>
  <system-out/>
</testsuite> <!-- assertions.UsingHardAssert -->
